Using pre-set license
Built from '2020.3/release' branch; Version is '2020.3.15f2 (6cf78cb77498) revision 7141260'; Using compiler version '192528614'; Build Type 'Release'
OS: 'Windows 10 Home; OS build 19043.1151; Version 2009; 64bit' Language: 'ko' Physical Memory: 16060 MB
BatchMode: 1, IsHumanControllingUs: 0, StartBugReporterOnCrash: 0, Is64bit: 1, IsPro: 0

 COMMAND LINE ARGUMENTS:
C:\Program Files\Unity\Hub\Editor\2020.3.15f2\Editor\Unity.exe
-adb2
-batchMode
-noUpm
-name
AssetImportWorker0
-projectPath
C:/Users/zihoc/OneDrive/Desktop/프로젝트 (동아리)/4주 프로젝트/.최종/4weeks_Unity
-logFile
Logs/AssetImportWorker0.log
-srvPort
59770
Successfully changed project path to: C:/Users/zihoc/OneDrive/Desktop/프로젝트 (동아리)/4주 프로젝트/.최종/4weeks_Unity
C:/Users/zihoc/OneDrive/Desktop/프로젝트 (동아리)/4주 프로젝트/.최종/4weeks_Unity
Using Asset Import Pipeline V2.
Refreshing native plugins compatible for Editor in 65.66 ms, found 2 plugins.
Preloading 0 native plugins for Editor in 0.00 ms.
Initialize engine version: 2020.3.15f2 (6cf78cb77498)
[Subsystems] Discovering subsystems at path C:/Program Files/Unity/Hub/Editor/2020.3.15f2/Editor/Data/Resources/UnitySubsystems
[Subsystems] Discovering subsystems at path C:/Users/zihoc/OneDrive/Desktop/프로젝트 (동아리)/4주 프로젝트/.최종/4weeks_Unity/Assets
GfxDevice: creating device client; threaded=0
Direct3D:
    Version:  Direct3D 11.0 [level 11.1]
    Renderer: Intel(R) Iris(R) Xe Graphics (ID=0x9a49)
    Vendor:   
    VRAM:     8030 MB
    Driver:   27.20.100.9415
Initialize mono
Mono path[0] = 'C:/Program Files/Unity/Hub/Editor/2020.3.15f2/Editor/Data/Managed'
Mono path[1] = 'C:/Program Files/Unity/Hub/Editor/2020.3.15f2/Editor/Data/MonoBleedingEdge/lib/mono/unityjit'
Mono config path = 'C:/Program Files/Unity/Hub/Editor/2020.3.15f2/Editor/Data/MonoBleedingEdge/etc'
Using monoOptions --debugger-agent=transport=dt_socket,embedding=1,server=y,suspend=n,address=127.0.0.1:56280
Begin MonoManager ReloadAssembly
Registering precompiled unity dll's ...
Register platform support module: C:/Program Files/Unity/Hub/Editor/2020.3.15f2/Editor/Data/PlaybackEngines/WindowsStandaloneSupport/UnityEditor.WindowsStandalone.Extensions.dll
Registered in 0.004835 seconds.
Native extension for WindowsStandalone target not found
Refreshing native plugins compatible for Editor in 64.50 ms, found 2 plugins.
Preloading 0 native plugins for Editor in 0.00 ms.
Mono: successfully reloaded assembly
- Completed reload, in  3.526 seconds
Domain Reload Profiling:
	ReloadAssembly (3526ms)
		BeginReloadAssembly (123ms)
			ExecutionOrderSort (0ms)
			DisableScriptedObjects (0ms)
			BackupInstance (0ms)
			ReleaseScriptingObjects (0ms)
			CreateAndSetChildDomain (1ms)
		EndReloadAssembly (804ms)
			LoadAssemblies (118ms)
			RebuildTransferFunctionScriptingTraits (0ms)
			SetupTypeCache (305ms)
			ReleaseScriptCaches (0ms)
			RebuildScriptCaches (53ms)
			SetupLoadedEditorAssemblies (289ms)
				LogAssemblyErrors (0ms)
				InitializePlatformSupportModulesInManaged (7ms)
				SetLoadedEditorAssemblies (0ms)
				RefreshPlugins (65ms)
				BeforeProcessingInitializeOnLoad (13ms)
				ProcessInitializeOnLoadAttributes (150ms)
				ProcessInitializeOnLoadMethodAttributes (54ms)
				AfterProcessingInitializeOnLoad (0ms)
				EditorAssembliesLoaded (0ms)
			ExecutionOrderSort2 (0ms)
			AwakeInstancesAfterBackupRestoration (0ms)
Platform modules already initialized, skipping
Registering precompiled user dll's ...
Registered in 0.007768 seconds.
Begin MonoManager ReloadAssembly
Native extension for WindowsStandalone target not found
Refreshing native plugins compatible for Editor in 0.55 ms, found 2 plugins.
Preloading 0 native plugins for Editor in 0.00 ms.
Mono: successfully reloaded assembly
- Completed reload, in  2.179 seconds
Domain Reload Profiling:
	ReloadAssembly (2181ms)
		BeginReloadAssembly (285ms)
			ExecutionOrderSort (0ms)
			DisableScriptedObjects (7ms)
			BackupInstance (0ms)
			ReleaseScriptingObjects (0ms)
			CreateAndSetChildDomain (37ms)
		EndReloadAssembly (1766ms)
			LoadAssemblies (181ms)
			RebuildTransferFunctionScriptingTraits (0ms)
			SetupTypeCache (558ms)
			ReleaseScriptCaches (1ms)
			RebuildScriptCaches (80ms)
			SetupLoadedEditorAssemblies (765ms)
				LogAssemblyErrors (0ms)
				InitializePlatformSupportModulesInManaged (10ms)
				SetLoadedEditorAssemblies (1ms)
				RefreshPlugins (1ms)
				BeforeProcessingInitializeOnLoad (108ms)
				ProcessInitializeOnLoadAttributes (623ms)
				ProcessInitializeOnLoadMethodAttributes (8ms)
				AfterProcessingInitializeOnLoad (13ms)
				EditorAssembliesLoaded (1ms)
			ExecutionOrderSort2 (0ms)
			AwakeInstancesAfterBackupRestoration (12ms)
Platform modules already initialized, skipping
========================================================================
Worker process is ready to serve import requests
Launched and connected shader compiler UnityShaderCompiler.exe after 0.14 seconds
Refreshing native plugins compatible for Editor in 0.37 ms, found 2 plugins.
Preloading 0 native plugins for Editor in 0.00 ms.
Unloading 1406 Unused Serialized files (Serialized files now loaded: 0)
System memory in use before: 71.4 MB.
System memory in use after: 71.5 MB.

Unloading 18 unused Assets to reduce memory usage. Loaded Objects now: 1854.
Total: 4.144700 ms (FindLiveObjects: 0.193500 ms CreateObjectMapping: 0.066500 ms MarkObjects: 3.775000 ms  DeleteObjects: 0.107300 ms)

AssetImportParameters requested are different than current active one (requested -> active):
  custom:framework-win-MediaFoundation: 216162199b28c13a410421893ffa2e32 -> 
  custom:video-decoder-ogg-theora: a1e56fd34408186e4bbccfd4996cb3dc -> 
  custom:container-muxer-webm: aa71ff27fc2769a1b78a27578f13a17b -> 
  custom:container-demuxer-webm: 4f35f7cbe854078d1ac9338744f61a02 -> 
  custom:container-demuxer-ogg: 62fdf1f143b41e24485cea50d1cbac27 -> 
  custom:video-encoder-webm-vp8: eb34c28f22e8b96e1ab97ce403110664 -> 
  custom:video-codec-MediaFoundation-h265: 746d11721c4dcdbdad8f713fa42b33f4 -> 
  custom:video-decoder-webm-vp8: 9c59270c3fd7afecdb556c50c9e8de78 -> 
  custom:audio-decoder-ogg-vorbis: bf7c407c2cedff20999df2af8eb42d56 -> 
  custom:audio-encoder-webm-vorbis: bf7c407c2cedff20999df2af8eb42d56 -> 
========================================================================
Received Import Request.
  path: Assets/Scripts/New Scene.unity
  artifactKey: Guid(a8a2ce6d15f15874f943a600a4e81224) Importer(815301076,1909f56bfc062723c751e8b465ee728b)
Start importing Assets/Scripts/New Scene.unity using Guid(a8a2ce6d15f15874f943a600a4e81224) Importer(815301076,1909f56bfc062723c751e8b465ee728b)  -> (artifact id: 'd742ea8757bab4355ec16a61043a9b4d') in 0.032127 seconds 
  Import took 0.037738 seconds .

========================================================================
Received Import Request.
  Time since last request: 39.348558 seconds.
  path: Assets/New Physics Material 2D.physicsMaterial2D
  artifactKey: Guid(08b80de7d23cba240a064a278d23306a) Importer(815301076,1909f56bfc062723c751e8b465ee728b)
Start importing Assets/New Physics Material 2D.physicsMaterial2D using Guid(08b80de7d23cba240a064a278d23306a) Importer(815301076,1909f56bfc062723c751e8b465ee728b)  -> (artifact id: '8b756933d52f6fcd327e2c8bbfd8d78e') in 0.063490 seconds 
  Import took 0.069699 seconds .

========================================================================
Received Import Request.
  Time since last request: 116.043776 seconds.
  path: Assets/firstScen.unity
  artifactKey: Guid(aa4aa4f73b82c7e44a14ad08ccb63c5e) Importer(815301076,1909f56bfc062723c751e8b465ee728b)
Start importing Assets/firstScen.unity using Guid(aa4aa4f73b82c7e44a14ad08ccb63c5e) Importer(815301076,1909f56bfc062723c751e8b465ee728b)  -> (artifact id: 'bd853d48ceec2a01c62eae68d839f1b0') in 0.015554 seconds 
  Import took 0.022287 seconds .

========================================================================
Received Import Request.
  Time since last request: 10.229669 seconds.
  path: Assets/firstScene.unity
  artifactKey: Guid(aa4aa4f73b82c7e44a14ad08ccb63c5e) Importer(815301076,1909f56bfc062723c751e8b465ee728b)
Start importing Assets/firstScene.unity using Guid(aa4aa4f73b82c7e44a14ad08ccb63c5e) Importer(815301076,1909f56bfc062723c751e8b465ee728b)  -> (artifact id: '9aaeb127516b96854f7ea2bdea98a49f') in 0.013106 seconds 
  Import took 0.018333 seconds .

========================================================================
Received Import Request.
  Time since last request: 5.145802 seconds.
  path: Assets/irstScene.unity
  artifactKey: Guid(aa4aa4f73b82c7e44a14ad08ccb63c5e) Importer(815301076,1909f56bfc062723c751e8b465ee728b)
Start importing Assets/irstScene.unity using Guid(aa4aa4f73b82c7e44a14ad08ccb63c5e) Importer(815301076,1909f56bfc062723c751e8b465ee728b)  -> (artifact id: '7755bdc39b6670d8ea313567033b6fa2') in 0.009660 seconds 
  Import took 0.015199 seconds .

========================================================================
Received Import Request.
  Time since last request: 4.633202 seconds.
  path: Assets/FirstScene.unity
  artifactKey: Guid(aa4aa4f73b82c7e44a14ad08ccb63c5e) Importer(815301076,1909f56bfc062723c751e8b465ee728b)
Start importing Assets/FirstScene.unity using Guid(aa4aa4f73b82c7e44a14ad08ccb63c5e) Importer(815301076,1909f56bfc062723c751e8b465ee728b)  -> (artifact id: '5f2773df09d7c6fbce3e09216c0162e8') in 0.011077 seconds 
  Import took 0.015918 seconds .

========================================================================
Received Import Request.
  Time since last request: 7.908551 seconds.
  path: Assets/TESTing.unity
  artifactKey: Guid(96131bfe7c1652b4587c731fe0e8bcff) Importer(815301076,1909f56bfc062723c751e8b465ee728b)
Start importing Assets/TESTing.unity using Guid(96131bfe7c1652b4587c731fe0e8bcff) Importer(815301076,1909f56bfc062723c751e8b465ee728b)  -> (artifact id: '6b0e498e0aaa6039e8151d5f93b50c84') in 0.016035 seconds 
  Import took 0.020806 seconds .

========================================================================
Received Import Request.
  Time since last request: 0.006382 seconds.
  path: Assets/TESTing.unity
  artifactKey: Guid(96131bfe7c1652b4587c731fe0e8bcff) Importer(815301076,1909f56bfc062723c751e8b465ee728b)
Start importing Assets/TESTing.unity using Guid(96131bfe7c1652b4587c731fe0e8bcff) Importer(815301076,1909f56bfc062723c751e8b465ee728b)  -> (artifact id: '6b0e498e0aaa6039e8151d5f93b50c84') in 0.005170 seconds 
  Import took 0.010403 seconds .

AssetImportWorkerClient::OnTransportError - code=2 error=End of file
